  main.cpp
C:\Users\User\Desktop\Season 7\Graphics and Visualisations\Assignments\5\Assignment5\Group.h(34,22): warning C4018:  '<': signed/unsigned mismatch
C:\Users\User\Desktop\Season 7\Graphics and Visualisations\Assignments\5\Assignment5\main.cpp(75,22): warning C4244:  'initializing': conversion from 'int' to 'float', possible loss of data
C:\Users\User\Desktop\Season 7\Graphics and Visualisations\Assignments\5\Assignment5\main.cpp(78,23): warning C4244:  'initializing': conversion from 'int' to 'float', possible loss of data
C:\Users\User\Desktop\Season 7\Graphics and Visualisations\Assignments\5\Assignment5\main.cpp(123,63): warning C4305:  'argument': truncation from 'double' to 'float'
C:\Users\User\Desktop\Season 7\Graphics and Visualisations\Assignments\5\Assignment5\main.cpp(124,62): warning C4305:  'argument': truncation from 'double' to 'float'
C:\Users\User\Desktop\Season 7\Graphics and Visualisations\Assignments\5\Assignment5\main.cpp(125,62): warning C4305:  'argument': truncation from 'double' to 'float'
C:\Users\User\Desktop\Season 7\Graphics and Visualisations\Assignments\5\Assignment5\main.cpp(126,64): warning C4305:  'argument': truncation from 'double' to 'float'
C:\Users\User\Desktop\Season 7\Graphics and Visualisations\Assignments\5\Assignment5\main.cpp(127,64): warning C4305:  'argument': truncation from 'double' to 'float'
C:\Users\User\Desktop\Season 7\Graphics and Visualisations\Assignments\5\Assignment5\main.cpp(130,65): warning C4305:  'argument': truncation from 'double' to 'float'
C:\Users\User\Desktop\Season 7\Graphics and Visualisations\Assignments\5\Assignment5\main.cpp(131,45): warning C4305:  'argument': truncation from 'double' to 'float'
C:\Users\User\Desktop\Season 7\Graphics and Visualisations\Assignments\5\Assignment5\main.cpp(132,43): warning C4305:  'argument': truncation from 'double' to 'float'
C:\Users\User\Desktop\Season 7\Graphics and Visualisations\Assignments\5\Assignment5\main.cpp(133,47): warning C4305:  'argument': truncation from 'double' to 'float'
C:\Users\User\Desktop\Season 7\Graphics and Visualisations\Assignments\5\Assignment5\main.cpp(134,46): warning C4305:  'argument': truncation from 'double' to 'float'
C:\Users\User\Desktop\Season 7\Graphics and Visualisations\Assignments\5\Assignment5\main.cpp(137,65): warning C4305:  'argument': truncation from 'double' to 'float'
C:\Users\User\Desktop\Season 7\Graphics and Visualisations\Assignments\5\Assignment5\main.cpp(138,45): warning C4305:  'argument': truncation from 'double' to 'float'
C:\Users\User\Desktop\Season 7\Graphics and Visualisations\Assignments\5\Assignment5\main.cpp(139,43): warning C4305:  'argument': truncation from 'double' to 'float'
C:\Users\User\Desktop\Season 7\Graphics and Visualisations\Assignments\5\Assignment5\main.cpp(140,47): warning C4305:  'argument': truncation from 'double' to 'float'
C:\Users\User\Desktop\Season 7\Graphics and Visualisations\Assignments\5\Assignment5\main.cpp(141,46): warning C4305:  'argument': truncation from 'double' to 'float'
C:\Users\User\Desktop\Season 7\Graphics and Visualisations\Assignments\5\Assignment5\main.cpp(144,66): warning C4305:  'argument': truncation from 'double' to 'float'
C:\Users\User\Desktop\Season 7\Graphics and Visualisations\Assignments\5\Assignment5\main.cpp(145,45): warning C4305:  'argument': truncation from 'double' to 'float'
C:\Users\User\Desktop\Season 7\Graphics and Visualisations\Assignments\5\Assignment5\main.cpp(146,43): warning C4305:  'argument': truncation from 'double' to 'float'
C:\Users\User\Desktop\Season 7\Graphics and Visualisations\Assignments\5\Assignment5\main.cpp(147,43): warning C4305:  'argument': truncation from 'double' to 'float'
C:\Users\User\Desktop\Season 7\Graphics and Visualisations\Assignments\5\Assignment5\main.cpp(148,42): warning C4305:  'argument': truncation from 'double' to 'float'
C:\Users\User\Desktop\Season 7\Graphics and Visualisations\Assignments\5\Assignment5\main.cpp(151,65): warning C4305:  'argument': truncation from 'double' to 'float'
C:\Users\User\Desktop\Season 7\Graphics and Visualisations\Assignments\5\Assignment5\main.cpp(152,45): warning C4305:  'argument': truncation from 'double' to 'float'
C:\Users\User\Desktop\Season 7\Graphics and Visualisations\Assignments\5\Assignment5\main.cpp(153,43): warning C4305:  'argument': truncation from 'double' to 'float'
C:\Users\User\Desktop\Season 7\Graphics and Visualisations\Assignments\5\Assignment5\main.cpp(154,47): warning C4305:  'argument': truncation from 'double' to 'float'
C:\Users\User\Desktop\Season 7\Graphics and Visualisations\Assignments\5\Assignment5\main.cpp(155,46): warning C4305:  'argument': truncation from 'double' to 'float'
C:\Users\User\Desktop\Season 7\Graphics and Visualisations\Assignments\5\Assignment5\main.cpp(165,71): warning C4305:  'argument': truncation from 'double' to 'float'
C:\Users\User\Desktop\Season 7\Graphics and Visualisations\Assignments\5\Assignment5\main.cpp(166,51): warning C4305:  'argument': truncation from 'double' to 'float'
C:\Users\User\Desktop\Season 7\Graphics and Visualisations\Assignments\5\Assignment5\main.cpp(167,51): warning C4305:  'argument': truncation from 'double' to 'float'
C:\Users\User\Desktop\Season 7\Graphics and Visualisations\Assignments\5\Assignment5\main.cpp(168,53): warning C4305:  'argument': truncation from 'double' to 'float'
C:\Users\User\Desktop\Season 7\Graphics and Visualisations\Assignments\5\Assignment5\main.cpp(169,52): warning C4305:  'argument': truncation from 'double' to 'float'
C:\Users\User\Desktop\Season 7\Graphics and Visualisations\Assignments\5\Assignment5\main.cpp(172,73): warning C4305:  'argument': truncation from 'double' to 'float'
C:\Users\User\Desktop\Season 7\Graphics and Visualisations\Assignments\5\Assignment5\main.cpp(173,53): warning C4305:  'argument': truncation from 'double' to 'float'
C:\Users\User\Desktop\Season 7\Graphics and Visualisations\Assignments\5\Assignment5\main.cpp(174,51): warning C4305:  'argument': truncation from 'double' to 'float'
C:\Users\User\Desktop\Season 7\Graphics and Visualisations\Assignments\5\Assignment5\main.cpp(175,53): warning C4305:  'argument': truncation from 'double' to 'float'
C:\Users\User\Desktop\Season 7\Graphics and Visualisations\Assignments\5\Assignment5\main.cpp(176,52): warning C4305:  'argument': truncation from 'double' to 'float'
C:\Users\User\Desktop\Season 7\Graphics and Visualisations\Assignments\5\Assignment5\main.cpp(179,73): warning C4305:  'argument': truncation from 'double' to 'float'
C:\Users\User\Desktop\Season 7\Graphics and Visualisations\Assignments\5\Assignment5\main.cpp(180,53): warning C4305:  'argument': truncation from 'double' to 'float'
C:\Users\User\Desktop\Season 7\Graphics and Visualisations\Assignments\5\Assignment5\main.cpp(181,51): warning C4305:  'argument': truncation from 'double' to 'float'
C:\Users\User\Desktop\Season 7\Graphics and Visualisations\Assignments\5\Assignment5\main.cpp(182,53): warning C4305:  'argument': truncation from 'double' to 'float'
C:\Users\User\Desktop\Season 7\Graphics and Visualisations\Assignments\5\Assignment5\main.cpp(183,52): warning C4305:  'argument': truncation from 'double' to 'float'
C:\Users\User\Desktop\Season 7\Graphics and Visualisations\Assignments\5\Assignment5\main.cpp(186,73): warning C4305:  'argument': truncation from 'double' to 'float'
C:\Users\User\Desktop\Season 7\Graphics and Visualisations\Assignments\5\Assignment5\main.cpp(187,53): warning C4305:  'argument': truncation from 'double' to 'float'
C:\Users\User\Desktop\Season 7\Graphics and Visualisations\Assignments\5\Assignment5\main.cpp(188,51): warning C4305:  'argument': truncation from 'double' to 'float'
C:\Users\User\Desktop\Season 7\Graphics and Visualisations\Assignments\5\Assignment5\main.cpp(189,51): warning C4305:  'argument': truncation from 'double' to 'float'
C:\Users\User\Desktop\Season 7\Graphics and Visualisations\Assignments\5\Assignment5\main.cpp(190,50): warning C4305:  'argument': truncation from 'double' to 'float'
C:\Users\User\Desktop\Season 7\Graphics and Visualisations\Assignments\5\Assignment5\main.cpp(193,73): warning C4305:  'argument': truncation from 'double' to 'float'
C:\Users\User\Desktop\Season 7\Graphics and Visualisations\Assignments\5\Assignment5\main.cpp(194,53): warning C4305:  'argument': truncation from 'double' to 'float'
C:\Users\User\Desktop\Season 7\Graphics and Visualisations\Assignments\5\Assignment5\main.cpp(195,51): warning C4305:  'argument': truncation from 'double' to 'float'
C:\Users\User\Desktop\Season 7\Graphics and Visualisations\Assignments\5\Assignment5\main.cpp(196,53): warning C4305:  'argument': truncation from 'double' to 'float'
C:\Users\User\Desktop\Season 7\Graphics and Visualisations\Assignments\5\Assignment5\main.cpp(197,52): warning C4305:  'argument': truncation from 'double' to 'float'
  a4.vcxproj -> C:\Users\User\Desktop\Season 7\Graphics and Visualisations\Assignments\5\Assignment5\Debug\a4.exe
