c:\users\user\desktop\season 7\graphics and visualisations\assignments\5\assignment5\debug\vc142.pdb
c:\users\user\desktop\season 7\graphics and visualisations\assignments\5\assignment5\debug\vector4f.obj
c:\users\user\desktop\season 7\graphics and visualisations\assignments\5\assignment5\debug\vector3f.obj
c:\users\user\desktop\season 7\graphics and visualisations\assignments\5\assignment5\debug\vector2f.obj
c:\users\user\desktop\season 7\graphics and visualisations\assignments\5\assignment5\debug\quat4f.obj
c:\users\user\desktop\season 7\graphics and visualisations\assignments\5\assignment5\debug\matrix4f.obj
c:\users\user\desktop\season 7\graphics and visualisations\assignments\5\assignment5\debug\matrix3f.obj
c:\users\user\desktop\season 7\graphics and visualisations\assignments\5\assignment5\debug\matrix2f.obj
c:\users\user\desktop\season 7\graphics and visualisations\assignments\5\assignment5\debug\texture.obj
c:\users\user\desktop\season 7\graphics and visualisations\assignments\5\assignment5\debug\raytracer.obj
c:\users\user\desktop\season 7\graphics and visualisations\assignments\5\assignment5\debug\sceneparser.obj
c:\users\user\desktop\season 7\graphics and visualisations\assignments\5\assignment5\debug\perlinnoise.obj
c:\users\user\desktop\season 7\graphics and visualisations\assignments\5\assignment5\debug\octree.obj
c:\users\user\desktop\season 7\graphics and visualisations\assignments\5\assignment5\debug\noise.obj
c:\users\user\desktop\season 7\graphics and visualisations\assignments\5\assignment5\debug\mesh.obj
c:\users\user\desktop\season 7\graphics and visualisations\assignments\5\assignment5\debug\material.obj
c:\users\user\desktop\season 7\graphics and visualisations\assignments\5\assignment5\debug\main.obj
c:\users\user\desktop\season 7\graphics and visualisations\assignments\5\assignment5\debug\image.obj
c:\users\user\desktop\season 7\graphics and visualisations\assignments\5\assignment5\debug\cubemap.obj
c:\users\user\desktop\season 7\graphics and visualisations\assignments\5\assignment5\debug\a4.exe
c:\users\user\desktop\season 7\graphics and visualisations\assignments\5\assignment5\debug\a4.ilk
c:\users\user\desktop\season 7\graphics and visualisations\assignments\5\assignment5\debug\a4.pdb
c:\users\user\desktop\season 7\graphics and visualisations\assignments\5\assignment5\debug\a4.tlog\cl.command.1.tlog
c:\users\user\desktop\season 7\graphics and visualisations\assignments\5\assignment5\debug\a4.tlog\cl.read.1.tlog
c:\users\user\desktop\season 7\graphics and visualisations\assignments\5\assignment5\debug\a4.tlog\cl.write.1.tlog
c:\users\user\desktop\season 7\graphics and visualisations\assignments\5\assignment5\debug\a4.tlog\link.command.1.tlog
c:\users\user\desktop\season 7\graphics and visualisations\assignments\5\assignment5\debug\a4.tlog\link.read.1.tlog
c:\users\user\desktop\season 7\graphics and visualisations\assignments\5\assignment5\debug\a4.tlog\link.write.1.tlog
