c:\users\user\desktop\season 7\graphics and visualisations\assignments\2\assignment2_setup\debug\vc142.pdb
c:\users\user\desktop\season 7\graphics and visualisations\assignments\2\assignment2_setup\debug\vector4f.obj
c:\users\user\desktop\season 7\graphics and visualisations\assignments\2\assignment2_setup\debug\vector3f.obj
c:\users\user\desktop\season 7\graphics and visualisations\assignments\2\assignment2_setup\debug\vector2f.obj
c:\users\user\desktop\season 7\graphics and visualisations\assignments\2\assignment2_setup\debug\quat4f.obj
c:\users\user\desktop\season 7\graphics and visualisations\assignments\2\assignment2_setup\debug\matrix4f.obj
c:\users\user\desktop\season 7\graphics and visualisations\assignments\2\assignment2_setup\debug\matrix3f.obj
c:\users\user\desktop\season 7\graphics and visualisations\assignments\2\assignment2_setup\debug\matrix2f.obj
c:\users\user\desktop\season 7\graphics and visualisations\assignments\2\assignment2_setup\debug\skeletalmodel.obj
c:\users\user\desktop\season 7\graphics and visualisations\assignments\2\assignment2_setup\debug\modelerview.obj
c:\users\user\desktop\season 7\graphics and visualisations\assignments\2\assignment2_setup\debug\modelerui.obj
c:\users\user\desktop\season 7\graphics and visualisations\assignments\2\assignment2_setup\debug\modelerapp.obj
c:\users\user\desktop\season 7\graphics and visualisations\assignments\2\assignment2_setup\debug\mesh.obj
c:\users\user\desktop\season 7\graphics and visualisations\assignments\2\assignment2_setup\debug\matrixstack.obj
c:\users\user\desktop\season 7\graphics and visualisations\assignments\2\assignment2_setup\debug\main.obj
c:\users\user\desktop\season 7\graphics and visualisations\assignments\2\assignment2_setup\debug\joint.obj
c:\users\user\desktop\season 7\graphics and visualisations\assignments\2\assignment2_setup\debug\bitmap.obj
c:\users\user\desktop\season 7\graphics and visualisations\assignments\2\assignment2_setup\debug\camera.obj
c:\users\user\desktop\season 7\graphics and visualisations\assignments\2\assignment2_setup\debug\a2.exe
c:\users\user\desktop\season 7\graphics and visualisations\assignments\2\assignment2_setup\debug\a2.ilk
c:\users\user\desktop\season 7\graphics and visualisations\assignments\2\assignment2_setup\debug\a2.pdb
c:\users\user\desktop\season 7\graphics and visualisations\assignments\2\assignment2_setup\debug\a2.tlog\cl.command.1.tlog
c:\users\user\desktop\season 7\graphics and visualisations\assignments\2\assignment2_setup\debug\a2.tlog\cl.read.1.tlog
c:\users\user\desktop\season 7\graphics and visualisations\assignments\2\assignment2_setup\debug\a2.tlog\cl.write.1.tlog
c:\users\user\desktop\season 7\graphics and visualisations\assignments\2\assignment2_setup\debug\a2.tlog\link.command.1.tlog
c:\users\user\desktop\season 7\graphics and visualisations\assignments\2\assignment2_setup\debug\a2.tlog\link.read.1.tlog
c:\users\user\desktop\season 7\graphics and visualisations\assignments\2\assignment2_setup\debug\a2.tlog\link.write.1.tlog
